c:\users\jorge\onedrive\escritorio\render engine\bin-int\debug-windows-x86_64\renderengine\imgui_tables.obj
c:\users\jorge\onedrive\escritorio\render engine\bin-int\debug-windows-x86_64\renderengine\main.obj
c:\users\jorge\onedrive\escritorio\render engine\bin-int\debug-windows-x86_64\renderengine\imgui_widgets.obj
c:\users\jorge\onedrive\escritorio\render engine\bin-int\debug-windows-x86_64\renderengine\imgui_impl_opengl3.obj
c:\users\jorge\onedrive\escritorio\render engine\bin-int\debug-windows-x86_64\renderengine\imgui_impl_glfw.obj
c:\users\jorge\onedrive\escritorio\render engine\bin-int\debug-windows-x86_64\renderengine\imgui_demo.obj
c:\users\jorge\onedrive\escritorio\render engine\bin-int\debug-windows-x86_64\renderengine\imgui_draw.obj
c:\users\jorge\onedrive\escritorio\render engine\bin-int\debug-windows-x86_64\renderengine\imgui.obj
c:\users\jorge\onedrive\escritorio\render engine\bin-int\debug-windows-x86_64\renderengine\vc143.pdb
c:\users\jorge\onedrive\escritorio\render engine\bin-int\debug-windows-x86_64\renderengine\vc143.idb
c:\users\jorge\onedrive\escritorio\render engine\bin-int\debug-windows-x86_64\renderengine\renderengine.tlog\cl.command.1.tlog
c:\users\jorge\onedrive\escritorio\render engine\bin-int\debug-windows-x86_64\renderengine\renderengine.tlog\cl.read.1.tlog
c:\users\jorge\onedrive\escritorio\render engine\bin-int\debug-windows-x86_64\renderengine\renderengine.tlog\cl.write.1.tlog
c:\users\jorge\onedrive\escritorio\render engine\bin-int\debug-windows-x86_64\renderengine\renderengine.tlog\link-cvtres.read.1.tlog
c:\users\jorge\onedrive\escritorio\render engine\bin-int\debug-windows-x86_64\renderengine\renderengine.tlog\link-cvtres.write.1.tlog
c:\users\jorge\onedrive\escritorio\render engine\bin-int\debug-windows-x86_64\renderengine\renderengine.tlog\link-rc.read.1.tlog
c:\users\jorge\onedrive\escritorio\render engine\bin-int\debug-windows-x86_64\renderengine\renderengine.tlog\link-rc.write.1.tlog
c:\users\jorge\onedrive\escritorio\render engine\bin-int\debug-windows-x86_64\renderengine\renderengine.tlog\link.command.1.tlog
c:\users\jorge\onedrive\escritorio\render engine\bin-int\debug-windows-x86_64\renderengine\renderengine.tlog\link.read.1.tlog
c:\users\jorge\onedrive\escritorio\render engine\bin-int\debug-windows-x86_64\renderengine\renderengine.tlog\link.read.2.tlog
c:\users\jorge\onedrive\escritorio\render engine\bin-int\debug-windows-x86_64\renderengine\renderengine.tlog\link.write.1.tlog
